<?xml version="1.0" encoding="UTF-8"?>
<!-- Generated by org.testng.reporters.JUnitReportReporter -->
<testsuite hostname="LAPTOP-9HPARRVK" failures="0" tests="1" name="com.itlearn.testcases.DashBoardTestCase" time="22.790" errors="0" timestamp="2024-08-08T21:15:34 IST" skipped="0">
  <testcase classname="com.itlearn.testcases.DashBoardTestCase" name="testcourses" time="22.790"/>
  <system-out/>
</testsuite> <!-- com.itlearn.testcases.DashBoardTestCase -->
